# JRE version: OpenJDK Runtime Environment Corretto-11.0.9.12.1 (11.0.9.1+12) (build 11.0.9.1+12-LTS)
# Java VM: OpenJDK 64-Bit Server VM Corretto-11.0.9.12.1 (11.0.9.1+12-LTS, mixed mode, tiered, compressed oops, g1 gc, windows-amd64)
Heap:
 garbage-first heap   total 138240K, used 11703K [0x0000000091000000, 0x0000000100000000)
  region size 1024K, 5 young (5120K), 5 survivors (5120K)
 Metaspace       used 34858K, capacity 35810K, committed 36048K, reserved 1081344K
  class space    used 4029K, capacity 4400K, committed 4428K, reserved 1048576K
GC Heap History (9 events):
Event: 0.953 GC heap before
{Heap before GC invocations=0 (full 0):
 garbage-first heap   total 114688K, used 24576K [0x0000000091000000, 0x0000000100000000)
  region size 1024K, 24 young (24576K), 0 survivors (0K)
 Metaspace       used 14924K, capacity 15255K, committed 15488K, reserved 1062912K
  class space    used 1531K, capacity 1646K, committed 1664K, reserved 1048576K
}
Event: 0.963 GC heap after
{Heap after GC invocations=1 (full 0):
 garbage-first heap   total 114688K, used 4498K [0x0000000091000000, 0x0000000100000000)
  region size 1024K, 3 young (3072K), 3 survivors (3072K)
 Metaspace       used 14924K, capacity 15255K, committed 15488K, reserved 1062912K
  class space    used 1531K, capacity 1646K, committed 1664K, reserved 1048576K
}
Event: 1.423 GC heap before
{Heap before GC invocations=1 (full 0):
 garbage-first heap   total 114688K, used 26002K [0x0000000091000000, 0x0000000100000000)
  region size 1024K, 26 young (26624K), 3 survivors (3072K)
 Metaspace       used 20656K, capacity 21165K, committed 21296K, reserved 1069056K
  class space    used 2221K, capacity 2412K, committed 2432K, reserved 1048576K
}
Event: 1.429 GC heap after
{Heap after GC invocations=2 (full 0):
 garbage-first heap   total 114688K, used 6146K [0x0000000091000000, 0x0000000100000000)
  region size 1024K, 5 young (5120K), 5 survivors (5120K)
 Metaspace       used 20656K, capacity 21165K, committed 21296K, reserved 1069056K
  class space    used 2221K, capacity 2412K, committed 2432K, reserved 1048576K
}
Event: 2.025 GC heap before
{Heap before GC invocations=3 (full 0):
 garbage-first heap   total 114688K, used 33794K [0x0000000091000000, 0x0000000100000000)
  region size 1024K, 32 young (32768K), 5 survivors (5120K)
 Metaspace       used 25128K, capacity 25780K, committed 25852K, reserved 1073152K
  class space    used 2819K, capacity 3077K, committed 3148K, reserved 1048576K
}
Event: 2.034 GC heap after
{Heap after GC invocations=4 (full 0):
 garbage-first heap   total 114688K, used 7690K [0x0000000091000000, 0x0000000100000000)
  region size 1024K, 4 young (4096K), 4 survivors (4096K)
 Metaspace       used 25128K, capacity 25780K, committed 25852K, reserved 1073152K
  class space    used 2819K, capacity 3077K, committed 3148K, reserved 1048576K
}
Event: 3.501 GC heap before
{Heap before GC invocations=4 (full 0):
 garbage-first heap   total 114688K, used 53770K [0x0000000091000000, 0x0000000100000000)
  region size 1024K, 49 young (50176K), 4 survivors (4096K)
 Metaspace       used 33796K, capacity 34767K, committed 34940K, reserved 1079296K
  class space    used 3887K, capacity 4265K, committed 4300K, reserved 1048576K
}
Event: 3.509 GC heap after
{Heap after GC invocations=5 (full 0):
 garbage-first heap   total 114688K, used 10870K [0x0000000091000000, 0x0000000100000000)
  region size 1024K, 7 young (7168K), 7 survivors (7168K)
 Metaspace       used 33796K, capacity 34767K, committed 34940K, reserved 1079296K
  class space    used 3887K, capacity 4265K, committed 4300K, reserved 1048576K
}
Event: 3.656 GC heap before
{Heap before GC invocations=5 (full 0):
 garbage-first heap   total 114688K, used 17014K [0x0000000091000000, 0x0000000100000000)
  region size 1024K, 14 young (14336K), 7 survivors (7168K)
 Metaspace       used 34858K, capacity 35810K, committed 36048K, reserved 1081344K
  class space    used 4029K, capacity 4400K, committed 4428K, reserved 1048576K
}

