# JRE version: OpenJDK Runtime Environment Corretto-11.0.9.12.1 (11.0.9.1+12) (build 11.0.9.1+12-LTS)
# Java VM: OpenJDK 64-Bit Server VM Corretto-11.0.9.12.1 (11.0.9.1+12-LTS, mixed mode, tiered, compressed oops, g1 gc, windows-amd64)
Heap:
 garbage-first heap   total 138240K, used 18670K [0x0000000091000000, 0x0000000100000000)
  region size 1024K, 13 young (13312K), 5 survivors (5120K)
 Metaspace       used 35895K, capacity 36952K, committed 37040K, reserved 1081344K
  class space    used 4170K, capacity 4590K, committed 4608K, reserved 1048576K
GC Heap History (10 events):
Event: 1.004 GC heap before
{Heap before GC invocations=0 (full 0):
 garbage-first heap   total 114688K, used 24576K [0x0000000091000000, 0x0000000100000000)
  region size 1024K, 24 young (24576K), 0 survivors (0K)
 Metaspace       used 14918K, capacity 15255K, committed 15488K, reserved 1062912K
  class space    used 1531K, capacity 1646K, committed 1664K, reserved 1048576K
}
Event: 1.014 GC heap after
{Heap after GC invocations=1 (full 0):
 garbage-first heap   total 114688K, used 4519K [0x0000000091000000, 0x0000000100000000)
  region size 1024K, 3 young (3072K), 3 survivors (3072K)
 Metaspace       used 14918K, capacity 15255K, committed 15488K, reserved 1062912K
  class space    used 1531K, capacity 1646K, committed 1664K, reserved 1048576K
}
Event: 1.484 GC heap before
{Heap before GC invocations=1 (full 0):
 garbage-first heap   total 114688K, used 26023K [0x0000000091000000, 0x0000000100000000)
  region size 1024K, 26 young (26624K), 3 survivors (3072K)
 Metaspace       used 20630K, capacity 21138K, committed 21296K, reserved 1069056K
  class space    used 2213K, capacity 2402K, committed 2432K, reserved 1048576K
}
Event: 1.491 GC heap after
{Heap after GC invocations=2 (full 0):
 garbage-first heap   total 114688K, used 6054K [0x0000000091000000, 0x0000000100000000)
  region size 1024K, 5 young (5120K), 5 survivors (5120K)
 Metaspace       used 20630K, capacity 21138K, committed 21296K, reserved 1069056K
  class space    used 2213K, capacity 2402K, committed 2432K, reserved 1048576K
}
Event: 1.915 GC heap before
{Heap before GC invocations=3 (full 0):
 garbage-first heap   total 114688K, used 26534K [0x0000000091000000, 0x0000000100000000)
  region size 1024K, 25 young (25600K), 5 survivors (5120K)
 Metaspace       used 24504K, capacity 25185K, committed 25264K, reserved 1071104K
  class space    used 2748K, capacity 3008K, committed 3072K, reserved 1048576K
}
Event: 1.925 GC heap after
{Heap after GC invocations=4 (full 0):
 garbage-first heap   total 114688K, used 7222K [0x0000000091000000, 0x0000000100000000)
  region size 1024K, 3 young (3072K), 3 survivors (3072K)
 Metaspace       used 24504K, capacity 25185K, committed 25264K, reserved 1071104K
  class space    used 2748K, capacity 3008K, committed 3072K, reserved 1048576K
}
Event: 3.593 GC heap before
{Heap before GC invocations=4 (full 0):
 garbage-first heap   total 114688K, used 59446K [0x0000000091000000, 0x0000000100000000)
  region size 1024K, 54 young (55296K), 3 survivors (3072K)
 Metaspace       used 33554K, capacity 34515K, committed 34736K, reserved 1079296K
  class space    used 3856K, capacity 4227K, committed 4352K, reserved 1048576K
}
Event: 3.603 GC heap after
{Heap after GC invocations=5 (full 0):
 garbage-first heap   total 114688K, used 10642K [0x0000000091000000, 0x0000000100000000)
  region size 1024K, 7 young (7168K), 7 survivors (7168K)
 Metaspace       used 33554K, capacity 34515K, committed 34736K, reserved 1079296K
  class space    used 3856K, capacity 4227K, committed 4352K, reserved 1048576K
}
Event: 3.721 GC heap before
{Heap before GC invocations=5 (full 0):
 garbage-first heap   total 114688K, used 15762K [0x0000000091000000, 0x0000000100000000)
  region size 1024K, 13 young (13312K), 7 survivors (7168K)
 Metaspace       used 34519K, capacity 35503K, committed 35632K, reserved 1081344K
  class space    used 3991K, capacity 4383K, committed 4480K, reserved 1048576K
}
Event: 3.733 GC heap after
{Heap after GC invocations=6 (full 0):
 garbage-first heap   total 138240K, used 11502K [0x0000000091000000, 0x0000000100000000)
  region size 1024K, 5 young (5120K), 5 survivors (5120K)
 Metaspace       used 34519K, capacity 35503K, committed 35632K, reserved 1081344K
  class space    used 3991K, capacity 4383K, committed 4480K, reserved 1048576K
}

